Using pre-set license
Built from '2021.1/staging' branch; Version is '2021.1.7f1 (d91830b65d9b) revision 14227504'; Using compiler version '192528614'; Build Type 'Release'
OS: 'Windows 10 Pro; OS build 19042.1288; Version 2009; 64bit' Language: 'en' Physical Memory: 16334 MB
BatchMode: 1, IsHumanControllingUs: 0, StartBugReporterOnCrash: 0, Is64bit: 1, IsPro: 0

 COMMAND LINE ARGUMENTS:
C:\Program Files\Unity\Hub\Editor\2021.1.7f1\Editor\Unity.exe
-adb2
-batchMode
-noUpm
-name
AssetImportWorker0
-projectPath
C:/Users/Ray Feng/OneDrive/Documents/_game_dev/_projects/roadtrip_zoa/code/roadtrip_zoa
-logFile
Logs/AssetImportWorker0.log
-srvPort
64014
Successfully changed project path to: C:/Users/Ray Feng/OneDrive/Documents/_game_dev/_projects/roadtrip_zoa/code/roadtrip_zoa
C:/Users/Ray Feng/OneDrive/Documents/_game_dev/_projects/roadtrip_zoa/code/roadtrip_zoa
Using Asset Import Pipeline V2.
Refreshing native plugins compatible for Editor in 127.76 ms, found 1 plugins.
Preloading 0 native plugins for Editor in 0.00 ms.
Initialize engine version: 2021.1.7f1 (d91830b65d9b)
[Subsystems] Discovering subsystems at path C:/Program Files/Unity/Hub/Editor/2021.1.7f1/Editor/Data/Resources/UnitySubsystems
[Subsystems] Discovering subsystems at path C:/Users/Ray Feng/OneDrive/Documents/_game_dev/_projects/roadtrip_zoa/code/roadtrip_zoa/Assets
GfxDevice: creating device client; threaded=0; jobified=0
Direct3D:
    Version:  Direct3D 11.0 [level 11.1]
    Renderer: AMD Radeon RX 5700 XT (ID=0x731f)
    Vendor:   ATI
    VRAM:     8151 MB
    Driver:   26.20.15029.27016
Initialize mono
Mono path[0] = 'C:/Program Files/Unity/Hub/Editor/2021.1.7f1/Editor/Data/Managed'
Mono path[1] = 'C:/Program Files/Unity/Hub/Editor/2021.1.7f1/Editor/Data/MonoBleedingEdge/lib/mono/unityjit'
Mono config path = 'C:/Program Files/Unity/Hub/Editor/2021.1.7f1/Editor/Data/MonoBleedingEdge/etc'
Using monoOptions --debugger-agent=transport=dt_socket,embedding=1,server=y,suspend=n,address=127.0.0.1:56620
Begin MonoManager ReloadAssembly
Registering precompiled unity dll's ...
Register platform support module: C:/Program Files/Unity/Hub/Editor/2021.1.7f1/Editor/Data/PlaybackEngines/WebGLSupport/UnityEditor.WebGL.Extensions.dll
Register platform support module: C:/Program Files/Unity/Hub/Editor/2021.1.7f1/Editor/Data/PlaybackEngines/WindowsStandaloneSupport/UnityEditor.WindowsStandalone.Extensions.dll
Registered in 0.001865 seconds.
Native extension for WindowsStandalone target not found
Native extension for WebGL target not found
Refreshing native plugins compatible for Editor in 127.11 ms, found 1 plugins.
Preloading 0 native plugins for Editor in 0.00 ms.
Mono: successfully reloaded assembly
- Completed reload, in  1.307 seconds
Platform modules already initialized, skipping
Registering precompiled user dll's ...
Registered in 0.008516 seconds.
Begin MonoManager ReloadAssembly
Symbol file LoadedFromMemory doesn't match image C:\Users\Ray Feng\OneDrive\Documents\_game_dev\_projects\roadtrip_zoa\code\roadtrip_zoa\Library\PackageCache\com.unity.visualscripting@1.6.1\Editor\VisualScripting.Core\Dependencies\YamlDotNet\Unity.VisualScripting.YamlDotNet.dll
Symbol file LoadedFromMemory doesn't match image C:\Users\Ray Feng\OneDrive\Documents\_game_dev\_projects\roadtrip_zoa\code\roadtrip_zoa\Library\PackageCache\com.unity.visualscripting@1.6.1\Editor\VisualScripting.Core\Dependencies\DotNetZip\Unity.VisualScripting.IonicZip.dll
Native extension for WindowsStandalone target not found
Native extension for WebGL target not found
Refreshing native plugins compatible for Editor in 125.81 ms, found 1 plugins.
Preloading 0 native plugins for Editor in 0.00 ms.
Mono: successfully reloaded assembly
- Completed reload, in  1.977 seconds
Platform modules already initialized, skipping
========================================================================
Worker process is ready to serve import requests
Shader 'Universal Render Pipeline/Particles/Lit': fallback shader 'Universal Render Pipeline/Particles/SimpleLit' not found
Shader 'Universal Render Pipeline/Particles/Lit': fallback shader 'Universal Render Pipeline/Particles/SimpleLit' not found
Launched and connected shader compiler UnityShaderCompiler.exe after 0.04 seconds
Refreshing native plugins compatible for Editor in 1.73 ms, found 1 plugins.
Preloading 0 native plugins for Editor in 0.00 ms.
Unloading 5340 Unused Serialized files (Serialized files now loaded: 0)
System memory in use before: 208.0 MB.
System memory in use after: 205.4 MB.

Unloading 69 unused Assets to reduce memory usage. Loaded Objects now: 5827.
Total: 24.492100 ms (FindLiveObjects: 0.574100 ms CreateObjectMapping: 0.169000 ms MarkObjects: 22.583400 ms  DeleteObjects: 1.164500 ms)

========================================================================
Received Import Request.
  path: Assets/com.dotdothorse.roadtrip/Scripts/Monos/Scene/PersistentManagers/SaveManager.cs
  artifactKey: Guid(f1aea58d55e2e1d498104b5e9a018250) Importer(815301076,1909f56bfc062723c751e8b465ee728b)
Start importing Assets/com.dotdothorse.roadtrip/Scripts/Monos/Scene/PersistentManagers/SaveManager.cs using Guid(f1aea58d55e2e1d498104b5e9a018250) Importer(815301076,1909f56bfc062723c751e8b465ee728b)  -> (artifact id: '32056d86944c3658c958ca5f927eb195') in 0.028770 seconds 
========================================================================
Received Prepare
Registering precompiled user dll's ...
Registered in 0.008348 seconds.
Begin MonoManager ReloadAssembly
Symbol file LoadedFromMemory doesn't match image C:\Users\Ray Feng\OneDrive\Documents\_game_dev\_projects\roadtrip_zoa\code\roadtrip_zoa\Library\PackageCache\com.unity.visualscripting@1.6.1\Editor\VisualScripting.Core\Dependencies\YamlDotNet\Unity.VisualScripting.YamlDotNet.dll
Symbol file LoadedFromMemory doesn't match image C:\Users\Ray Feng\OneDrive\Documents\_game_dev\_projects\roadtrip_zoa\code\roadtrip_zoa\Library\PackageCache\com.unity.visualscripting@1.6.1\Editor\VisualScripting.Core\Dependencies\DotNetZip\Unity.VisualScripting.IonicZip.dll
Native extension for WindowsStandalone target not found
Native extension for WebGL target not found
Refreshing native plugins compatible for Editor in 1.32 ms, found 1 plugins.
Preloading 0 native plugins for Editor in 0.00 ms.
Mono: successfully reloaded assembly
- Completed reload, in  1.752 seconds
Platform modules already initialized, skipping
Shader 'Universal Render Pipeline/Particles/Lit': fallback shader 'Universal Render Pipeline/Particles/SimpleLit' not found
Shader 'Universal Render Pipeline/Particles/Lit': fallback shader 'Universal Render Pipeline/Particles/SimpleLit' not found
Refreshing native plugins compatible for Editor in 1.26 ms, found 1 plugins.
Preloading 0 native plugins for Editor in 0.00 ms.
Unloading 5224 Unused Serialized files (Serialized files now loaded: 0)
System memory in use before: 202.9 MB.
System memory in use after: 200.3 MB.

Unloading 62 unused Assets to reduce memory usage. Loaded Objects now: 5830.
Total: 24.624100 ms (FindLiveObjects: 0.596600 ms CreateObjectMapping: 0.201800 ms MarkObjects: 22.569300 ms  DeleteObjects: 1.254400 ms)

========================================================================
Received Prepare
Registering precompiled user dll's ...
Registered in 0.008184 seconds.
Begin MonoManager ReloadAssembly
Symbol file LoadedFromMemory doesn't match image C:\Users\Ray Feng\OneDrive\Documents\_game_dev\_projects\roadtrip_zoa\code\roadtrip_zoa\Library\PackageCache\com.unity.visualscripting@1.6.1\Editor\VisualScripting.Core\Dependencies\YamlDotNet\Unity.VisualScripting.YamlDotNet.dll
Symbol file LoadedFromMemory doesn't match image C:\Users\Ray Feng\OneDrive\Documents\_game_dev\_projects\roadtrip_zoa\code\roadtrip_zoa\Library\PackageCache\com.unity.visualscripting@1.6.1\Editor\VisualScripting.Core\Dependencies\DotNetZip\Unity.VisualScripting.IonicZip.dll
Native extension for WindowsStandalone target not found
Native extension for WebGL target not found
Refreshing native plugins compatible for Editor in 1.25 ms, found 1 plugins.
Preloading 0 native plugins for Editor in 0.00 ms.
Mono: successfully reloaded assembly
- Completed reload, in  1.703 seconds
Platform modules already initialized, skipping
Shader 'Universal Render Pipeline/Particles/Lit': fallback shader 'Universal Render Pipeline/Particles/SimpleLit' not found
Shader 'Universal Render Pipeline/Particles/Lit': fallback shader 'Universal Render Pipeline/Particles/SimpleLit' not found
Refreshing native plugins compatible for Editor in 1.65 ms, found 1 plugins.
Preloading 0 native plugins for Editor in 0.00 ms.
Unloading 5225 Unused Serialized files (Serialized files now loaded: 0)
System memory in use before: 202.9 MB.
System memory in use after: 200.4 MB.

Unloading 62 unused Assets to reduce memory usage. Loaded Objects now: 5834.
Total: 25.905000 ms (FindLiveObjects: 0.584600 ms CreateObjectMapping: 0.196800 ms MarkObjects: 23.568600 ms  DeleteObjects: 1.553700 ms)

========================================================================
Received Import Request.
  Time since last request: 1425.590904 seconds.
  path: Assets/com.dotdothorse.roadtrip/Scripts/Monos/Scene/PersistentManagers/CarCollection.cs
  artifactKey: Guid(2816c41ee6a461e4abe4b4f5e6fe01b4) Importer(815301076,1909f56bfc062723c751e8b465ee728b)
Start importing Assets/com.dotdothorse.roadtrip/Scripts/Monos/Scene/PersistentManagers/CarCollection.cs using Guid(2816c41ee6a461e4abe4b4f5e6fe01b4) Importer(815301076,1909f56bfc062723c751e8b465ee728b)  -> (artifact id: 'f50116e6561c32d52d80f175405aa369') in 0.014629 seconds 
========================================================================
Received Prepare
Registering precompiled user dll's ...
Registered in 0.008845 seconds.
Begin MonoManager ReloadAssembly
Symbol file LoadedFromMemory doesn't match image C:\Users\Ray Feng\OneDrive\Documents\_game_dev\_projects\roadtrip_zoa\code\roadtrip_zoa\Library\PackageCache\com.unity.visualscripting@1.6.1\Editor\VisualScripting.Core\Dependencies\YamlDotNet\Unity.VisualScripting.YamlDotNet.dll
Symbol file LoadedFromMemory doesn't match image C:\Users\Ray Feng\OneDrive\Documents\_game_dev\_projects\roadtrip_zoa\code\roadtrip_zoa\Library\PackageCache\com.unity.visualscripting@1.6.1\Editor\VisualScripting.Core\Dependencies\DotNetZip\Unity.VisualScripting.IonicZip.dll
Native extension for WindowsStandalone target not found
Native extension for WebGL target not found
Refreshing native plugins compatible for Editor in 1.54 ms, found 1 plugins.
Preloading 0 native plugins for Editor in 0.00 ms.
Mono: successfully reloaded assembly
- Completed reload, in  1.671 seconds
Platform modules already initialized, skipping
Shader 'Universal Render Pipeline/Particles/Lit': fallback shader 'Universal Render Pipeline/Particles/SimpleLit' not found
Shader 'Universal Render Pipeline/Particles/Lit': fallback shader 'Universal Render Pipeline/Particles/SimpleLit' not found
Refreshing native plugins compatible for Editor in 1.45 ms, found 1 plugins.
Preloading 0 native plugins for Editor in 0.00 ms.
Unloading 5225 Unused Serialized files (Serialized files now loaded: 0)
System memory in use before: 203.0 MB.
System memory in use after: 200.5 MB.

Unloading 62 unused Assets to reduce memory usage. Loaded Objects now: 5837.
Total: 25.377900 ms (FindLiveObjects: 0.584600 ms CreateObjectMapping: 0.192500 ms MarkObjects: 23.321200 ms  DeleteObjects: 1.277700 ms)

========================================================================
Received Prepare
Registering precompiled user dll's ...
Registered in 0.008455 seconds.
Begin MonoManager ReloadAssembly
Symbol file LoadedFromMemory doesn't match image C:\Users\Ray Feng\OneDrive\Documents\_game_dev\_projects\roadtrip_zoa\code\roadtrip_zoa\Library\PackageCache\com.unity.visualscripting@1.6.1\Editor\VisualScripting.Core\Dependencies\YamlDotNet\Unity.VisualScripting.YamlDotNet.dll
Symbol file LoadedFromMemory doesn't match image C:\Users\Ray Feng\OneDrive\Documents\_game_dev\_projects\roadtrip_zoa\code\roadtrip_zoa\Library\PackageCache\com.unity.visualscripting@1.6.1\Editor\VisualScripting.Core\Dependencies\DotNetZip\Unity.VisualScripting.IonicZip.dll
Native extension for WindowsStandalone target not found
Native extension for WebGL target not found
Refreshing native plugins compatible for Editor in 1.26 ms, found 1 plugins.
Preloading 0 native plugins for Editor in 0.00 ms.
Mono: successfully reloaded assembly
- Completed reload, in  1.685 seconds
Platform modules already initialized, skipping
Shader 'Universal Render Pipeline/Particles/Lit': fallback shader 'Universal Render Pipeline/Particles/SimpleLit' not found
Shader 'Universal Render Pipeline/Particles/Lit': fallback shader 'Universal Render Pipeline/Particles/SimpleLit' not found
Refreshing native plugins compatible for Editor in 1.36 ms, found 1 plugins.
Preloading 0 native plugins for Editor in 0.00 ms.
Unloading 5225 Unused Serialized files (Serialized files now loaded: 0)
System memory in use before: 203.1 MB.
System memory in use after: 200.5 MB.

Unloading 62 unused Assets to reduce memory usage. Loaded Objects now: 5840.
Total: 24.803900 ms (FindLiveObjects: 0.656700 ms CreateObjectMapping: 0.173300 ms MarkObjects: 22.685600 ms  DeleteObjects: 1.286400 ms)

========================================================================
Received Import Request.
  Time since last request: 119.337004 seconds.
  path: Assets/com.dotdothorse.roadtrip/SOs/Car/AllCars.asset
  artifactKey: Guid(8f5dc9ff554d5c847a6280c185681a9c) Importer(815301076,1909f56bfc062723c751e8b465ee728b)
Start importing Assets/com.dotdothorse.roadtrip/SOs/Car/AllCars.asset using Guid(8f5dc9ff554d5c847a6280c185681a9c) Importer(815301076,1909f56bfc062723c751e8b465ee728b)  -> (artifact id: 'cb29808ebf23209445a51568af299b5e') in 0.034162 seconds 
========================================================================
Received Import Request.
  Time since last request: 12.890572 seconds.
  path: Assets/com.dotdothorse.roadtrip/SOs/Car/Presets
  artifactKey: Guid(9c7913c8647aea04186ee615ea967404) Importer(815301076,1909f56bfc062723c751e8b465ee728b)
Start importing Assets/com.dotdothorse.roadtrip/SOs/Car/Presets using Guid(9c7913c8647aea04186ee615ea967404) Importer(815301076,1909f56bfc062723c751e8b465ee728b)  -> (artifact id: '582eeeaa7d33dc82e5148f706c1ee00f') in 0.007890 seconds 
========================================================================
Received Import Request.
  Time since last request: 0.033815 seconds.
  path: Assets/com.dotdothorse.roadtrip/SOs/Car/Presets/Moocy.asset
  artifactKey: Guid(0f0fefc2659a8cc4cb639f1f7e868a2e) Importer(815301076,1909f56bfc062723c751e8b465ee728b)
Start importing Assets/com.dotdothorse.roadtrip/SOs/Car/Presets/Moocy.asset using Guid(0f0fefc2659a8cc4cb639f1f7e868a2e) Importer(815301076,1909f56bfc062723c751e8b465ee728b)  -> (artifact id: '69700f4e8ae215dd4ddb5aee388c2e8f') in 0.007739 seconds 
========================================================================
Received Import Request.
  Time since last request: 22.580486 seconds.
  path: Assets/com.dotdothorse.roadtrip/SOs/Car/Presets/Balkan.asset
  artifactKey: Guid(0f0fefc2659a8cc4cb639f1f7e868a2e) Importer(815301076,1909f56bfc062723c751e8b465ee728b)
Start importing Assets/com.dotdothorse.roadtrip/SOs/Car/Presets/Balkan.asset using Guid(0f0fefc2659a8cc4cb639f1f7e868a2e) Importer(815301076,1909f56bfc062723c751e8b465ee728b)  -> (artifact id: '64e1463ab5c6cf26bcb6bc5ea258a1ae') in 0.007080 seconds 
========================================================================
Received Import Request.
  Time since last request: 1.672108 seconds.
  path: Assets/com.dotdothorse.roadtrip/SOs/Mod/Bullrun.asset
  artifactKey: Guid(b5a5f5bd22c330c4bb9c459d2efdc9d4) Importer(815301076,1909f56bfc062723c751e8b465ee728b)
Start importing Assets/com.dotdothorse.roadtrip/SOs/Mod/Bullrun.asset using Guid(b5a5f5bd22c330c4bb9c459d2efdc9d4) Importer(815301076,1909f56bfc062723c751e8b465ee728b)  -> (artifact id: 'fc7fbc3c5a4775c13a4f5a45a962b6a6') in 0.008442 seconds 
========================================================================
Received Import Request.
  Time since last request: 31.802932 seconds.
  path: Assets/com.dotdothorse.roadtrip/SOs/Mod/Rush.asset
  artifactKey: Guid(b5a5f5bd22c330c4bb9c459d2efdc9d4) Importer(815301076,1909f56bfc062723c751e8b465ee728b)
Start importing Assets/com.dotdothorse.roadtrip/SOs/Mod/Rush.asset using Guid(b5a5f5bd22c330c4bb9c459d2efdc9d4) Importer(815301076,1909f56bfc062723c751e8b465ee728b)  -> (artifact id: '55106001c6ab4c464241b8f0fdc86a94') in 0.008398 seconds 
========================================================================
Received Import Request.
  Time since last request: 51.837549 seconds.
  path: Assets/com.dotdothorse.roadtrip/SOs/Mod/_Scripts/ModDataSO.cs
  artifactKey: Guid(fc74c52adf2208b4fa7286b3e634bb85) Importer(815301076,1909f56bfc062723c751e8b465ee728b)
Start importing Assets/com.dotdothorse.roadtrip/SOs/Mod/_Scripts/ModDataSO.cs using Guid(fc74c52adf2208b4fa7286b3e634bb85) Importer(815301076,1909f56bfc062723c751e8b465ee728b)  -> (artifact id: '410907769fdc7b8d0e9be9024772d38e') in 0.006683 seconds 
========================================================================
Received Import Request.
  Time since last request: 170.464923 seconds.
  path: Assets/com.dotdothorse.roadtrip/Prefabs/Mod
  artifactKey: Guid(a6757f3816a119242b7e3bc9ad9204a0) Importer(815301076,1909f56bfc062723c751e8b465ee728b)
Start importing Assets/com.dotdothorse.roadtrip/Prefabs/Mod using Guid(a6757f3816a119242b7e3bc9ad9204a0) Importer(815301076,1909f56bfc062723c751e8b465ee728b)  -> (artifact id: '8923990a6471e7e4ef7a6ebf5c1b9f3e') in 0.006925 seconds 
========================================================================
Received Import Request.
  Time since last request: 12.127338 seconds.
  path: Assets/com.dotdothorse.roadtrip/Prefabs/Player
  artifactKey: Guid(a6757f3816a119242b7e3bc9ad9204a0) Importer(815301076,1909f56bfc062723c751e8b465ee728b)
Start importing Assets/com.dotdothorse.roadtrip/Prefabs/Player using Guid(a6757f3816a119242b7e3bc9ad9204a0) Importer(815301076,1909f56bfc062723c751e8b465ee728b)  -> (artifact id: '3361e784dec0367f5fbefc8617ed9bf3') in 0.007404 seconds 
========================================================================
Received Import Request.
  Time since last request: 378.041744 seconds.
  path: Assets/com.dotdothorse.roadtrip/Prefabs/Player/RushPlayer.prefab
  artifactKey: Guid(fd4bcd7150c777f47ba4d849a9f603a1) Importer(815301076,1909f56bfc062723c751e8b465ee728b)
Start importing Assets/com.dotdothorse.roadtrip/Prefabs/Player/RushPlayer.prefab using Guid(fd4bcd7150c777f47ba4d849a9f603a1) Importer(815301076,1909f56bfc062723c751e8b465ee728b)  -> (artifact id: 'e6a901866bbb53142b08d856852ce74d') in 0.022937 seconds 
========================================================================
Received Prepare
Registering precompiled user dll's ...
Registered in 0.009426 seconds.
Begin MonoManager ReloadAssembly
Symbol file LoadedFromMemory doesn't match image C:\Users\Ray Feng\OneDrive\Documents\_game_dev\_projects\roadtrip_zoa\code\roadtrip_zoa\Library\PackageCache\com.unity.visualscripting@1.6.1\Editor\VisualScripting.Core\Dependencies\YamlDotNet\Unity.VisualScripting.YamlDotNet.dll
Symbol file LoadedFromMemory doesn't match image C:\Users\Ray Feng\OneDrive\Documents\_game_dev\_projects\roadtrip_zoa\code\roadtrip_zoa\Library\PackageCache\com.unity.visualscripting@1.6.1\Editor\VisualScripting.Core\Dependencies\DotNetZip\Unity.VisualScripting.IonicZip.dll
Native extension for WindowsStandalone target not found
Native extension for WebGL target not found
Refreshing native plugins compatible for Editor in 1.30 ms, found 1 plugins.
Preloading 0 native plugins for Editor in 0.00 ms.
Mono: successfully reloaded assembly
- Completed reload, in  1.704 seconds
Platform modules already initialized, skipping
Shader 'Universal Render Pipeline/Particles/Lit': fallback shader 'Universal Render Pipeline/Particles/SimpleLit' not found
Shader 'Universal Render Pipeline/Particles/Lit': fallback shader 'Universal Render Pipeline/Particles/SimpleLit' not found
Refreshing native plugins compatible for Editor in 1.26 ms, found 1 plugins.
Preloading 0 native plugins for Editor in 0.00 ms.
Unloading 5225 Unused Serialized files (Serialized files now loaded: 0)
System memory in use before: 202.9 MB.
System memory in use after: 200.4 MB.

Unloading 62 unused Assets to reduce memory usage. Loaded Objects now: 5843.
Total: 25.763700 ms (FindLiveObjects: 0.564600 ms CreateObjectMapping: 0.184300 ms MarkObjects: 23.696400 ms  DeleteObjects: 1.316600 ms)

========================================================================
Received Prepare
Registering precompiled user dll's ...
Registered in 0.009339 seconds.
Begin MonoManager ReloadAssembly
Symbol file LoadedFromMemory doesn't match image C:\Users\Ray Feng\OneDrive\Documents\_game_dev\_projects\roadtrip_zoa\code\roadtrip_zoa\Library\PackageCache\com.unity.visualscripting@1.6.1\Editor\VisualScripting.Core\Dependencies\YamlDotNet\Unity.VisualScripting.YamlDotNet.dll
Symbol file LoadedFromMemory doesn't match image C:\Users\Ray Feng\OneDrive\Documents\_game_dev\_projects\roadtrip_zoa\code\roadtrip_zoa\Library\PackageCache\com.unity.visualscripting@1.6.1\Editor\VisualScripting.Core\Dependencies\DotNetZip\Unity.VisualScripting.IonicZip.dll
Native extension for WindowsStandalone target not found
Native extension for WebGL target not found
Refreshing native plugins compatible for Editor in 1.27 ms, found 1 plugins.
Preloading 0 native plugins for Editor in 0.00 ms.
Mono: successfully reloaded assembly
- Completed reload, in  1.627 seconds
Platform modules already initialized, skipping
Shader 'Universal Render Pipeline/Particles/Lit': fallback shader 'Universal Render Pipeline/Particles/SimpleLit' not found
Shader 'Universal Render Pipeline/Particles/Lit': fallback shader 'Universal Render Pipeline/Particles/SimpleLit' not found
Refreshing native plugins compatible for Editor in 1.51 ms, found 1 plugins.
Preloading 0 native plugins for Editor in 0.00 ms.
Unloading 5225 Unused Serialized files (Serialized files now loaded: 0)
System memory in use before: 203.1 MB.
System memory in use after: 200.6 MB.

Unloading 62 unused Assets to reduce memory usage. Loaded Objects now: 5846.
Total: 26.261100 ms (FindLiveObjects: 0.606600 ms CreateObjectMapping: 0.198100 ms MarkObjects: 23.778000 ms  DeleteObjects: 1.676100 ms)

AssetImportWorkerClient::OnTransportError - code=2 error=End of file
